<?xml version="1.0" encoding="UTF-8"?>
<!-- Generated by org.testng.reporters.JUnitReportReporter -->
<testsuite hostname="HP" failures="0" tests="4" name="api.testcases.UserTests" time="19.658" errors="0" timestamp="2023-06-13T22:37:37 IST" skipped="0">
  <testcase classname="api.testcases.UserTests" name="testPostUser" time="14.320"/>
  <system-out>
    <![CDATA[Test Case started is testPostUser
Test case passed is testPostUser]]>
  </system-out>
  <testcase classname="api.testcases.UserTests" name="testGetUserByName" time="1.528"/>
  <system-out>
    <![CDATA[Test Case started is testGetUserByName
Test case passed is testGetUserByName]]>
  </system-out>
  <testcase classname="api.testcases.UserTests" name="testUpdateUserByName" time="2.586"/>
  <system-out>
    <![CDATA[Test Case started is testUpdateUserByName
Test case passed is testUpdateUserByName]]>
  </system-out>
  <testcase classname="api.testcases.UserTests" name="testDeleteUserByName" time="1.224"/>
  <system-out>
    <![CDATA[Test Case started is testDeleteUserByName
Test case passed is testDeleteUserByName]]>
  </system-out>
</testsuite> <!-- api.testcases.UserTests -->
