<?xml version="1.0" encoding="UTF-8"?>
<!-- Generated by org.testng.reporters.JUnitReportReporter -->
<testsuite hostname="HP" failures="0" tests="1" name="api.endpoints.UserEndPointsUsingPropertiesFile" time="0.030" errors="0" timestamp="2023-06-13T15:11:47 IST" skipped="0">
  <testcase classname="api.endpoints.UserEndPointsUsingPropertiesFile" name="test" time="0.030"/>
  <system-out/>
</testsuite> <!-- api.endpoints.UserEndPointsUsingPropertiesFile -->
