<?xml version="1.0" encoding="UTF-8"?>
<!-- Generated by org.testng.reporters.JUnitReportReporter -->
<testsuite hostname="HP" failures="0" tests="1" name="api.utilities.DataProviders" time="0.016" errors="0" timestamp="2023-06-13T20:03:38 IST" skipped="0">
  <testcase classname="api.utilities.DataProviders" name="test" time="0.016"/>
  <system-out/>
</testsuite> <!-- api.utilities.DataProviders -->
