<?xml version="1.0" encoding="UTF-8"?>
<!-- Generated by org.testng.reporters.JUnitReportReporter -->
<testsuite hostname="HP" failures="0" tests="4" name="api.testcases.UserTestDataDriven" time="16.530" errors="0" timestamp="2023-06-13T22:38:49 IST" skipped="0">
  <testcase classname="api.testcases.UserTestDataDriven" name="testPostUser" time="10.748"/>
  <system-out>
    <![CDATA[Test Case started is testPostUser
Test case passed is testPostUser]]>
  </system-out>
  <testcase classname="api.testcases.UserTestDataDriven" name="testGetUserByName" time="1.751"/>
  <system-out>
    <![CDATA[Test Case started is testGetUserByName
Test case passed is testGetUserByName]]>
  </system-out>
  <testcase classname="api.testcases.UserTestDataDriven" name="testUpdateUserByName" time="2.719"/>
  <system-out>
    <![CDATA[Test Case started is testUpdateUserByName
Test case passed is testUpdateUserByName]]>
  </system-out>
  <testcase classname="api.testcases.UserTestDataDriven" name="testDeleteUserByName" time="1.312"/>
  <system-out>
    <![CDATA[Test Case started is testDeleteUserByName
Test case passed is testDeleteUserByName]]>
  </system-out>
</testsuite> <!-- api.testcases.UserTestDataDriven -->
